<?xml version="1.0" encoding="UTF-8"?>
<testsuite xmlns:xsi="http://www.w3.org/2001/XMLSchema-instance" xsi:noNamespaceSchemaLocation="https://maven.apache.org/surefire/maven-surefire-plugin/xsd/surefire-test-report.xsd" name="com.example.AppTest" time="0.176" tests="1" errors="0" skipped="0" failures="0">
  <properties>
    <property name="java.specification.version" value="17"/>
    <property name="sun.jnu.encoding" value="UTF-8"/>
    <property name="java.class.path" value="/home/hau/Hadoop-ecosystem/udf-hive/target/test-classes:/home/hau/Hadoop-ecosystem/udf-hive/target/classes:/home/hau/.m2/repository/junit/junit/4.11/junit-4.11.jar:/home/hau/.m2/repository/org/hamcrest/hamcrest-core/1.3/hamcrest-core-1.3.jar:/home/hau/.m2/repository/jmagick/jmagick/6.6.9/jmagick-6.6.9.jar:/home/hau/.m2/repository/org/apache/hive/hive-exec/4.0.0-alpha-2/hive-exec-4.0.0-alpha-2.jar:/home/hau/.m2/repository/org/apache/atlas/atlas-client-v2/2.1.0/atlas-client-v2-2.1.0.jar:/home/hau/.m2/repository/com/google/guava/guava/25.1-jre/guava-25.1-jre.jar:/home/hau/.m2/repository/org/checkerframework/checker-qual/2.0.0/checker-qual-2.0.0.jar:/home/hau/.m2/repository/com/google/errorprone/error_prone_annotations/2.1.3/error_prone_annotations-2.1.3.jar:/home/hau/.m2/repository/com/google/j2objc/j2objc-annotations/1.1/j2objc-annotations-1.1.jar:/home/hau/.m2/repository/org/codehaus/mojo/animal-sniffer-annotations/1.14/animal-sniffer-annotations-1.14.jar:/home/hau/.m2/repository/cglib/cglib/2.2.2/cglib-2.2.2.jar:/home/hau/.m2/repository/asm/asm/3.3.1/asm-3.3.1.jar:/home/hau/.m2/repository/org/apache/atlas/atlas-client-common/2.1.0/atlas-client-common-2.1.0.jar:/home/hau/.m2/repository/com/sun/jersey/jersey-client/1.19/jersey-client-1.19.jar:/home/hau/.m2/repository/org/apache/atlas/atlas-intg/2.1.0/atlas-intg-2.1.0.jar:/home/hau/.m2/repository/commons-collections/commons-collections/3.2.2/commons-collections-3.2.2.jar:/home/hau/.m2/repository/org/apache/hadoop/hadoop-common/3.1.1/hadoop-common-3.1.1.jar:/home/hau/.m2/repository/org/apache/hadoop/hadoop-annotations/3.1.1/hadoop-annotations-3.1.1.jar:/home/hau/.m2/repository/commons-cli/commons-cli/1.2/commons-cli-1.2.jar:/home/hau/.m2/repository/commons-net/commons-net/3.6/commons-net-3.6.jar:/home/hau/.m2/repository/javax/servlet/javax.servlet-api/3.1.0/javax.servlet-api-3.1.0.jar:/home/hau/.m2/repository/javax/servlet/jsp/jsp-api/2.1/jsp-api-2.1.jar:/home/hau/.m2/repository/com/sun/jersey/jersey-servlet/1.19/jersey-servlet-1.19.jar:/home/hau/.m2/repository/com/sun/jersey/jersey-json/1.19/jersey-json-1.19.jar:/home/hau/.m2/repository/org/codehaus/jettison/jettison/1.1/jettison-1.1.jar:/home/hau/.m2/repository/com/sun/xml/bind/jaxb-impl/2.2.3-1/jaxb-impl-2.2.3-1.jar:/home/hau/.m2/repository/org/codehaus/jackson/jackson-core-asl/1.9.2/jackson-core-asl-1.9.2.jar:/home/hau/.m2/repository/org/codehaus/jackson/jackson-mapper-asl/1.9.2/jackson-mapper-asl-1.9.2.jar:/home/hau/.m2/repository/org/codehaus/jackson/jackson-jaxrs/1.9.2/jackson-jaxrs-1.9.2.jar:/home/hau/.m2/repository/org/codehaus/jackson/jackson-xc/1.9.2/jackson-xc-1.9.2.jar:/home/hau/.m2/repository/com/sun/jersey/jersey-server/1.19/jersey-server-1.19.jar:/home/hau/.m2/repository/commons-beanutils/commons-beanutils/1.9.3/commons-beanutils-1.9.3.jar:/home/hau/.m2/repository/org/apache/commons/commons-configuration2/2.1.1/commons-configuration2-2.1.1.jar:/home/hau/.m2/repository/org/apache/avro/avro/1.7.7/avro-1.7.7.jar:/home/hau/.m2/repository/com/thoughtworks/paranamer/paranamer/2.3/paranamer-2.3.jar:/home/hau/.m2/repository/com/google/re2j/re2j/1.1/re2j-1.1.jar:/home/hau/.m2/repository/com/google/protobuf/protobuf-java/2.5.0/protobuf-java-2.5.0.jar:/home/hau/.m2/repository/org/apache/hadoop/hadoop-auth/3.1.1/hadoop-auth-3.1.1.jar:/home/hau/.m2/repository/com/nimbusds/nimbus-jose-jwt/4.41.1/nimbus-jose-jwt-4.41.1.jar:/home/hau/.m2/repository/com/github/stephenc/jcip/jcip-annotations/1.0-1/jcip-annotations-1.0-1.jar:/home/hau/.m2/repository/com/jcraft/jsch/0.1.54/jsch-0.1.54.jar:/home/hau/.m2/repository/org/apache/curator/curator-recipes/2.12.0/curator-recipes-2.12.0.jar:/home/hau/.m2/repository/org/apache/htrace/htrace-core4/4.1.0-incubating/htrace-core4-4.1.0-incubating.jar:/home/hau/.m2/repository/org/apache/kerby/kerb-simplekdc/1.0.1/kerb-simplekdc-1.0.1.jar:/home/hau/.m2/repository/org/apache/kerby/kerb-client/1.0.1/kerb-client-1.0.1.jar:/home/hau/.m2/repository/org/apache/kerby/kerby-config/1.0.1/kerby-config-1.0.1.jar:/home/hau/.m2/repository/org/apache/kerby/kerb-core/1.0.1/kerb-core-1.0.1.jar:/home/hau/.m2/repository/org/apache/kerby/kerby-pkix/1.0.1/kerby-pkix-1.0.1.jar:/home/hau/.m2/repository/org/apache/kerby/kerby-asn1/1.0.1/kerby-asn1-1.0.1.jar:/home/hau/.m2/repository/org/apache/kerby/kerby-util/1.0.1/kerby-util-1.0.1.jar:/home/hau/.m2/repository/org/apache/kerby/kerb-common/1.0.1/kerb-common-1.0.1.jar:/home/hau/.m2/repository/org/apache/kerby/kerb-crypto/1.0.1/kerb-crypto-1.0.1.jar:/home/hau/.m2/repository/org/apache/kerby/kerb-util/1.0.1/kerb-util-1.0.1.jar:/home/hau/.m2/repository/org/apache/kerby/token-provider/1.0.1/token-provider-1.0.1.jar:/home/hau/.m2/repository/org/apache/kerby/kerb-admin/1.0.1/kerb-admin-1.0.1.jar:/home/hau/.m2/repository/org/apache/kerby/kerb-server/1.0.1/kerb-server-1.0.1.jar:/home/hau/.m2/repository/org/apache/kerby/kerb-identity/1.0.1/kerb-identity-1.0.1.jar:/home/hau/.m2/repository/org/apache/kerby/kerby-xdr/1.0.1/kerby-xdr-1.0.1.jar:/home/hau/.m2/repository/com/fasterxml/jackson/core/jackson-databind/2.7.8/jackson-databind-2.7.8.jar:/home/hau/.m2/repository/org/codehaus/woodstox/stax2-api/3.1.4/stax2-api-3.1.4.jar:/home/hau/.m2/repository/com/fasterxml/woodstox/woodstox-core/5.0.3/woodstox-core-5.0.3.jar:/home/hau/.m2/repository/commons-validator/commons-validator/1.6/commons-validator-1.6.jar:/home/hau/.m2/repository/commons-digester/commons-digester/1.8.1/commons-digester-1.8.1.jar:/home/hau/.m2/repository/com/fasterxml/jackson/jaxrs/jackson-jaxrs-base/2.9.9/jackson-jaxrs-base-2.9.9.jar:/home/hau/.m2/repository/com/fasterxml/jackson/core/jackson-core/2.9.9/jackson-core-2.9.9.jar:/home/hau/.m2/repository/com/fasterxml/jackson/jaxrs/jackson-jaxrs-json-provider/2.9.9/jackson-jaxrs-json-provider-2.9.9.jar:/home/hau/.m2/repository/com/fasterxml/jackson/module/jackson-module-jaxb-annotations/2.9.9/jackson-module-jaxb-annotations-2.9.9.jar:/home/hau/.m2/repository/com/fasterxml/jackson/core/jackson-annotations/2.9.9/jackson-annotations-2.9.9.jar:/home/hau/.m2/repository/javax/inject/javax.inject/1/javax.inject-1.jar:/home/hau/.m2/repository/org/springframework/spring-context/4.3.20.RELEASE/spring-context-4.3.20.RELEASE.jar:/home/hau/.m2/repository/org/springframework/spring-aop/4.3.20.RELEASE/spring-aop-4.3.20.RELEASE.jar:/home/hau/.m2/repository/org/springframework/spring-beans/4.3.20.RELEASE/spring-beans-4.3.20.RELEASE.jar:/home/hau/.m2/repository/org/springframework/spring-core/4.3.20.RELEASE/spring-core-4.3.20.RELEASE.jar:/home/hau/.m2/repository/org/springframework/spring-expression/4.3.20.RELEASE/spring-expression-4.3.20.RELEASE.jar:/home/hau/.m2/repository/commons-configuration/commons-configuration/1.10/commons-configuration-1.10.jar:/home/hau/.m2/repository/commons-lang/commons-lang/2.6/commons-lang-2.6.jar:/home/hau/.m2/repository/org/apache/commons/commons-dbcp2/2.7.0/commons-dbcp2-2.7.0.jar:/home/hau/.m2/repository/org/apache/commons/commons-math3/3.6.1/commons-math3-3.6.1.jar:/home/hau/.m2/repository/org/apache/commons/commons-pool2/2.11.1/commons-pool2-2.11.1.jar:/home/hau/.m2/repository/org/apache/hive/hive-vector-code-gen/4.0.0-alpha-2/hive-vector-code-gen-4.0.0-alpha-2.jar:/home/hau/.m2/repository/org/apache/hive/hive-llap-tez/4.0.0-alpha-2/hive-llap-tez-4.0.0-alpha-2.jar:/home/hau/.m2/repository/org/apache/hive/hive-common/4.0.0-alpha-2/hive-common-4.0.0-alpha-2.jar:/home/hau/.m2/repository/org/apache/hive/hive-classification/4.0.0-alpha-2/hive-classification-4.0.0-alpha-2.jar:/home/hau/.m2/repository/org/apache/hive/hive-storage-api/4.0.0-alpha-2/hive-storage-api-4.0.0-alpha-2.jar:/home/hau/.m2/repository/org/apache/hive/hive-standalone-metastore-common/4.0.0-alpha-2/hive-standalone-metastore-common-4.0.0-alpha-2.jar:/home/hau/.m2/repository/com/zaxxer/HikariCP/2.6.1/HikariCP-2.6.1.jar:/home/hau/.m2/repository/org/apache/derby/derby/10.14.2.0/derby-10.14.2.0.jar:/home/hau/.m2/repository/org/apache/thrift/libfb303/0.9.3/libfb303-0.9.3.jar:/home/hau/.m2/repository/com/github/ben-manes/caffeine/caffeine/2.8.4/caffeine-2.8.4.jar:/home/hau/.m2/repository/org/apache/orc/orc-core/1.6.9/orc-core-1.6.9.jar:/home/hau/.m2/repository/org/apache/orc/orc-shims/1.6.9/orc-shims-1.6.9.jar:/home/hau/.m2/repository/io/airlift/aircompressor/0.19/aircompressor-0.19.jar:/home/hau/.m2/repository/javax/xml/bind/jaxb-api/2.2.11/jaxb-api-2.2.11.jar:/home/hau/.m2/repository/org/jetbrains/annotations/17.0.0/annotations-17.0.0.jar:/home/hau/.m2/repository/org/threeten/threeten-extra/1.5.0/threeten-extra-1.5.0.jar:/home/hau/.m2/repository/jline/jline/2.14.6/jline-2.14.6.jar:/home/hau/.m2/repository/org/eclipse/jetty/jetty-http/9.4.40.v20210413/jetty-http-9.4.40.v20210413.jar:/home/hau/.m2/repository/org/eclipse/jetty/jetty-util/9.4.40.v20210413/jetty-util-9.4.40.v20210413.jar:/home/hau/.m2/repository/org/eclipse/jetty/jetty-io/9.4.40.v20210413/jetty-io-9.4.40.v20210413.jar:/home/hau/.m2/repository/org/eclipse/jetty/jetty-rewrite/9.4.40.v20210413/jetty-rewrite-9.4.40.v20210413.jar:/home/hau/.m2/repository/org/eclipse/jetty/jetty-server/9.4.40.v20210413/jetty-server-9.4.40.v20210413.jar:/home/hau/.m2/repository/org/eclipse/jetty/jetty-servlet/9.4.40.v20210413/jetty-servlet-9.4.40.v20210413.jar:/home/hau/.m2/repository/org/eclipse/jetty/jetty-security/9.4.40.v20210413/jetty-security-9.4.40.v20210413.jar:/home/hau/.m2/repository/org/eclipse/jetty/jetty-util-ajax/9.4.40.v20210413/jetty-util-ajax-9.4.40.v20210413.jar:/home/hau/.m2/repository/org/eclipse/jetty/jetty-webapp/9.4.40.v20210413/jetty-webapp-9.4.40.v20210413.jar:/home/hau/.m2/repository/org/eclipse/jetty/jetty-xml/9.4.40.v20210413/jetty-xml-9.4.40.v20210413.jar:/home/hau/.m2/repository/joda-time/joda-time/2.9.9/joda-time-2.9.9.jar:/home/hau/.m2/repository/org/apache/logging/log4j/log4j-web/2.18.0/log4j-web-2.18.0.jar:/home/hau/.m2/repository/net/sf/jpam/jpam/1.1/jpam-1.1.jar:/home/hau/.m2/repository/org/apache/tez/tez-api/0.10.2/tez-api-0.10.2.jar:/home/hau/.m2/repository/org/apache/hadoop/hadoop-yarn-api/3.3.1/hadoop-yarn-api-3.3.1.jar:/home/hau/.m2/repository/org/apache/hadoop/thirdparty/hadoop-shaded-protobuf_3_7/1.1.1/hadoop-shaded-protobuf_3_7-1.1.1.jar:/home/hau/.m2/repository/org/apache/hadoop/hadoop-yarn-common/3.3.1/hadoop-yarn-common-3.3.1.jar:/home/hau/.m2/repository/org/apache/hadoop/hadoop-yarn-client/3.3.1/hadoop-yarn-client-3.3.1.jar:/home/hau/.m2/repository/org/eclipse/jetty/websocket/websocket-client/9.4.40.v20210413/websocket-client-9.4.40.v20210413.jar:/home/hau/.m2/repository/org/eclipse/jetty/jetty-client/9.4.40.v20210413/jetty-client-9.4.40.v20210413.jar:/home/hau/.m2/repository/org/eclipse/jetty/websocket/websocket-common/9.4.40.v20210413/websocket-common-9.4.40.v20210413.jar:/home/hau/.m2/repository/org/eclipse/jetty/websocket/websocket-api/9.4.40.v20210413/websocket-api-9.4.40.v20210413.jar:/home/hau/.m2/repository/org/jline/jline/3.9.0/jline-3.9.0.jar:/home/hau/.m2/repository/org/apache/hadoop/hadoop-hdfs-client/3.3.1/hadoop-hdfs-client-3.3.1.jar:/home/hau/.m2/repository/com/squareup/okhttp/okhttp/2.7.5/okhttp-2.7.5.jar:/home/hau/.m2/repository/com/squareup/okio/okio/1.6.0/okio-1.6.0.jar:/home/hau/.m2/repository/org/fusesource/jansi/jansi/2.3.4/jansi-2.3.4.jar:/home/hau/.m2/repository/com/tdunning/json/1.8/json-1.8.jar:/home/hau/.m2/repository/io/dropwizard/metrics/metrics-core/3.1.0/metrics-core-3.1.0.jar:/home/hau/.m2/repository/io/dropwizard/metrics/metrics-jvm/3.1.0/metrics-jvm-3.1.0.jar:/home/hau/.m2/repository/io/dropwizard/metrics/metrics-json/3.1.0/metrics-json-3.1.0.jar:/home/hau/.m2/repository/com/github/joshelser/dropwizard-metrics-hadoop-metrics2-reporter/0.1.2/dropwizard-metrics-hadoop-metrics2-reporter-0.1.2.jar:/home/hau/.m2/repository/javolution/javolution/5.5.1/javolution-5.5.1.jar:/home/hau/.m2/repository/org/apache/hive/hive-llap-client/4.0.0-alpha-2/hive-llap-client-4.0.0-alpha-2.jar:/home/hau/.m2/repository/org/apache/hive/hive-serde/4.0.0-alpha-2/hive-serde-4.0.0-alpha-2.jar:/home/hau/.m2/repository/org/apache/hive/hive-service-rpc/4.0.0-alpha-2/hive-service-rpc-4.0.0-alpha-2.jar:/home/hau/.m2/repository/org/apache/arrow/arrow-vector/2.0.0/arrow-vector-2.0.0.jar:/home/hau/.m2/repository/org/apache/arrow/arrow-format/2.0.0/arrow-format-2.0.0.jar:/home/hau/.m2/repository/com/carrotsearch/hppc/0.7.2/hppc-0.7.2.jar:/home/hau/.m2/repository/com/google/flatbuffers/flatbuffers-java/1.9.0/flatbuffers-java-1.9.0.jar:/home/hau/.m2/repository/net/sf/opencsv/opencsv/2.3/opencsv-2.3.jar:/home/hau/.m2/repository/org/apache/parquet/parquet-hadoop-bundle/1.11.1/parquet-hadoop-bundle-1.11.1.jar:/home/hau/.m2/repository/com/esri/geometry/esri-geometry-api/2.2.4/esri-geometry-api-2.2.4.jar:/home/hau/.m2/repository/org/apache/hive/hive-llap-common/4.0.0-alpha-2/hive-llap-common-4.0.0-alpha-2.jar:/home/hau/.m2/repository/io/jsonwebtoken/jjwt-api/0.10.5/jjwt-api-0.10.5.jar:/home/hau/.m2/repository/io/jsonwebtoken/jjwt-impl/0.10.5/jjwt-impl-0.10.5.jar:/home/hau/.m2/repository/io/jsonwebtoken/jjwt-jackson/0.10.5/jjwt-jackson-0.10.5.jar:/home/hau/.m2/repository/org/apache/commons/commons-lang3/3.9/commons-lang3-3.9.jar:/home/hau/.m2/repository/org/apache/hive/hive-shims/4.0.0-alpha-2/hive-shims-4.0.0-alpha-2.jar:/home/hau/.m2/repository/org/apache/hive/shims/hive-shims-common/4.0.0-alpha-2/hive-shims-common-4.0.0-alpha-2.jar:/home/hau/.m2/repository/org/apache/thrift/libthrift/0.16.0/libthrift-0.16.0.jar:/home/hau/.m2/repository/javax/annotation/javax.annotation-api/1.3.2/javax.annotation-api-1.3.2.jar:/home/hau/.m2/repository/org/apache/hive/shims/hive-shims-0.23/4.0.0-alpha-2/hive-shims-0.23-4.0.0-alpha-2.jar:/home/hau/.m2/repository/org/apache/hadoop/hadoop-yarn-server-resourcemanager/3.3.1/hadoop-yarn-server-resourcemanager-3.3.1.jar:/home/hau/.m2/repository/com/google/inject/extensions/guice-servlet/4.0/guice-servlet-4.0.jar:/home/hau/.m2/repository/com/google/inject/guice/4.0/guice-4.0.jar:/home/hau/.m2/repository/aopalliance/aopalliance/1.0/aopalliance-1.0.jar:/home/hau/.m2/repository/com/sun/jersey/contribs/jersey-guice/1.19/jersey-guice-1.19.jar:/home/hau/.m2/repository/org/apache/hadoop/hadoop-yarn-server-common/3.3.1/hadoop-yarn-server-common-3.3.1.jar:/home/hau/.m2/repository/org/apache/geronimo/specs/geronimo-jcache_1.0_spec/1.0-alpha-1/geronimo-jcache_1.0_spec-1.0-alpha-1.jar:/home/hau/.m2/repository/org/ehcache/ehcache/3.3.1/ehcache-3.3.1.jar:/home/hau/.m2/repository/com/zaxxer/HikariCP-java7/2.4.12/HikariCP-java7-2.4.12.jar:/home/hau/.m2/repository/com/microsoft/sqlserver/mssql-jdbc/6.2.1.jre7/mssql-jdbc-6.2.1.jre7.jar:/home/hau/.m2/repository/org/apache/hadoop/hadoop-yarn-server-applicationhistoryservice/3.3.1/hadoop-yarn-server-applicationhistoryservice-3.3.1.jar:/home/hau/.m2/repository/de/ruedigermoeller/fst/2.50/fst-2.50.jar:/home/hau/.m2/repository/org/objenesis/objenesis/2.5.1/objenesis-2.5.1.jar:/home/hau/.m2/repository/com/cedarsoftware/java-util/1.9.0/java-util-1.9.0.jar:/home/hau/.m2/repository/com/cedarsoftware/json-io/2.5.1/json-io-2.5.1.jar:/home/hau/.m2/repository/org/apache/hadoop/hadoop-yarn-server-web-proxy/3.3.1/hadoop-yarn-server-web-proxy-3.3.1.jar:/home/hau/.m2/repository/org/bouncycastle/bcprov-jdk15on/1.60/bcprov-jdk15on-1.60.jar:/home/hau/.m2/repository/org/bouncycastle/bcpkix-jdk15on/1.60/bcpkix-jdk15on-1.60.jar:/home/hau/.m2/repository/org/fusesource/leveldbjni/leveldbjni-all/1.8/leveldbjni-all-1.8.jar:/home/hau/.m2/repository/org/apache/hive/shims/hive-shims-scheduler/4.0.0-alpha-2/hive-shims-scheduler-4.0.0-alpha-2.jar:/home/hau/.m2/repository/com/amazonaws/secretsmanager/aws-secretsmanager-caching-java/1.0.1/aws-secretsmanager-caching-java-1.0.1.jar:/home/hau/.m2/repository/commons-codec/commons-codec/1.15/commons-codec-1.15.jar:/home/hau/.m2/repository/commons-io/commons-io/2.11.0/commons-io-2.11.0.jar:/home/hau/.m2/repository/org/apache/commons/commons-collections4/4.1/commons-collections4-4.1.jar:/home/hau/.m2/repository/org/apache/commons/commons-text/1.8/commons-text-1.8.jar:/home/hau/.m2/repository/org/apache/logging/log4j/log4j-1.2-api/2.18.0/log4j-1.2-api-2.18.0.jar:/home/hau/.m2/repository/org/apache/logging/log4j/log4j-api/2.18.0/log4j-api-2.18.0.jar:/home/hau/.m2/repository/org/apache/logging/log4j/log4j-core/2.18.0/log4j-core-2.18.0.jar:/home/hau/.m2/repository/org/apache/logging/log4j/log4j-slf4j-impl/2.18.0/log4j-slf4j-impl-2.18.0.jar:/home/hau/.m2/repository/org/antlr/ST4/4.0.4/ST4-4.0.4.jar:/home/hau/.m2/repository/org/antlr/antlr-runtime/3.3/antlr-runtime-3.3.jar:/home/hau/.m2/repository/org/antlr/stringtemplate/3.2.1/stringtemplate-3.2.1.jar:/home/hau/.m2/repository/antlr/antlr/2.7.7/antlr-2.7.7.jar:/home/hau/.m2/repository/org/apache/ant/ant/1.10.12/ant-1.10.12.jar:/home/hau/.m2/repository/org/apache/ant/ant-launcher/1.10.12/ant-launcher-1.10.12.jar:/home/hau/.m2/repository/org/apache/commons/commons-compress/1.21/commons-compress-1.21.jar:/home/hau/.m2/repository/org/apache/hadoop/hadoop-yarn-registry/3.3.1/hadoop-yarn-registry-3.3.1.jar:/home/hau/.m2/repository/org/apache/hadoop/hadoop-registry/3.3.1/hadoop-registry-3.3.1.jar:/home/hau/.m2/repository/commons-daemon/commons-daemon/1.0.13/commons-daemon-1.0.13.jar:/home/hau/.m2/repository/org/apache/hadoop/thirdparty/hadoop-shaded-guava/1.1.1/hadoop-shaded-guava-1.1.1.jar:/home/hau/.m2/repository/dnsjava/dnsjava/2.1.7/dnsjava-2.1.7.jar:/home/hau/.m2/repository/org/apache/ivy/ivy/2.4.0/ivy-2.4.0.jar:/home/hau/.m2/repository/org/apache/zookeeper/zookeeper/3.5.5/zookeeper-3.5.5.jar:/home/hau/.m2/repository/org/apache/zookeeper/zookeeper-jute/3.5.5/zookeeper-jute-3.5.5.jar:/home/hau/.m2/repository/org/apache/yetus/audience-annotations/0.5.0/audience-annotations-0.5.0.jar:/home/hau/.m2/repository/log4j/log4j/1.2.17/log4j-1.2.17.jar:/home/hau/.m2/repository/org/apache/curator/curator-framework/4.2.0/curator-framework-4.2.0.jar:/home/hau/.m2/repository/org/apache/curator/curator-client/4.2.0/curator-client-4.2.0.jar:/home/hau/.m2/repository/org/codehaus/groovy/groovy-all/2.4.21/groovy-all-2.4.21.jar:/home/hau/.m2/repository/org/datanucleus/datanucleus-core/5.2.10/datanucleus-core-5.2.10.jar:/home/hau/.m2/repository/com/google/code/gson/gson/2.9.0/gson-2.9.0.jar:/home/hau/.m2/repository/stax/stax-api/1.0.1/stax-api-1.0.1.jar:/home/hau/.m2/repository/org/apache/arrow/arrow-memory-netty/2.0.0/arrow-memory-netty-2.0.0.jar:/home/hau/.m2/repository/org/apache/arrow/arrow-memory-core/2.0.0/arrow-memory-core-2.0.0.jar:/home/hau/.m2/repository/org/reflections/reflections/0.10.2/reflections-0.10.2.jar:/home/hau/.m2/repository/org/javassist/javassist/3.28.0-GA/javassist-3.28.0-GA.jar:/home/hau/.m2/repository/com/google/code/findbugs/jsr305/3.0.2/jsr305-3.0.2.jar:/home/hau/.m2/repository/com/jayway/jsonpath/json-path/2.7.0/json-path-2.7.0.jar:/home/hau/.m2/repository/net/minidev/json-smart/2.4.7/json-smart-2.4.7.jar:/home/hau/.m2/repository/net/minidev/accessors-smart/2.4.7/accessors-smart-2.4.7.jar:/home/hau/.m2/repository/org/ow2/asm/asm/9.1/asm-9.1.jar:/home/hau/.m2/repository/org/codehaus/janino/commons-compiler/3.0.11/commons-compiler-3.0.11.jar:/home/hau/.m2/repository/org/codehaus/janino/janino/3.0.11/janino-3.0.11.jar:/home/hau/.m2/repository/com/sun/jersey/contribs/jersey-multipart/1.19/jersey-multipart-1.19.jar:/home/hau/.m2/repository/org/jvnet/mimepull/mimepull/1.9.3/mimepull-1.9.3.jar:/home/hau/.m2/repository/com/sun/jersey/jersey-core/1.19/jersey-core-1.19.jar:/home/hau/.m2/repository/javax/ws/rs/jsr311-api/1.1.1/jsr311-api-1.1.1.jar:/home/hau/.m2/repository/org/apache/kafka/kafka-clients/2.5.0/kafka-clients-2.5.0.jar:/home/hau/.m2/repository/com/github/luben/zstd-jni/1.4.4-7/zstd-jni-1.4.4-7.jar:/home/hau/.m2/repository/org/lz4/lz4-java/1.7.1/lz4-java-1.7.1.jar:/home/hau/.m2/repository/org/xerial/snappy/snappy-java/1.1.7.3/snappy-java-1.1.7.3.jar:/home/hau/.m2/repository/org/slf4j/slf4j-api/1.7.30/slf4j-api-1.7.30.jar:/home/hau/.m2/repository/org/apache/httpcomponents/httpclient/4.5.14/httpclient-4.5.14.jar:/home/hau/.m2/repository/org/apache/httpcomponents/httpcore/4.4.16/httpcore-4.4.16.jar:/home/hau/.m2/repository/commons-logging/commons-logging/1.2/commons-logging-1.2.jar:/home/hau/.m2/repository/org/apache/httpcomponents/httpmime/4.5.9/httpmime-4.5.9.jar:"/>
    <property name="java.vm.vendor" value="Private Build"/>
    <property name="sun.arch.data.model" value="64"/>
    <property name="java.vendor.url" value="Unknown"/>
    <property name="os.name" value="Linux"/>
    <property name="java.vm.specification.version" value="17"/>
    <property name="sun.java.launcher" value="SUN_STANDARD"/>
    <property name="sun.boot.library.path" value="/usr/lib/jvm/java-17-openjdk-amd64/lib"/>
    <property name="sun.java.command" value="/home/hau/Hadoop-ecosystem/udf-hive/target/surefire/surefirebooter15003599643869619845.jar /home/hau/Hadoop-ecosystem/udf-hive/target/surefire 2023-07-14T15-42-36_430-jvmRun1 surefire7156720754513190464tmp surefire_016678975424920425280tmp"/>
    <property name="jdk.debug" value="release"/>
    <property name="surefire.test.class.path" value="/home/hau/Hadoop-ecosystem/udf-hive/target/test-classes:/home/hau/Hadoop-ecosystem/udf-hive/target/classes:/home/hau/.m2/repository/junit/junit/4.11/junit-4.11.jar:/home/hau/.m2/repository/org/hamcrest/hamcrest-core/1.3/hamcrest-core-1.3.jar:/home/hau/.m2/repository/jmagick/jmagick/6.6.9/jmagick-6.6.9.jar:/home/hau/.m2/repository/org/apache/hive/hive-exec/4.0.0-alpha-2/hive-exec-4.0.0-alpha-2.jar:/home/hau/.m2/repository/org/apache/atlas/atlas-client-v2/2.1.0/atlas-client-v2-2.1.0.jar:/home/hau/.m2/repository/com/google/guava/guava/25.1-jre/guava-25.1-jre.jar:/home/hau/.m2/repository/org/checkerframework/checker-qual/2.0.0/checker-qual-2.0.0.jar:/home/hau/.m2/repository/com/google/errorprone/error_prone_annotations/2.1.3/error_prone_annotations-2.1.3.jar:/home/hau/.m2/repository/com/google/j2objc/j2objc-annotations/1.1/j2objc-annotations-1.1.jar:/home/hau/.m2/repository/org/codehaus/mojo/animal-sniffer-annotations/1.14/animal-sniffer-annotations-1.14.jar:/home/hau/.m2/repository/cglib/cglib/2.2.2/cglib-2.2.2.jar:/home/hau/.m2/repository/asm/asm/3.3.1/asm-3.3.1.jar:/home/hau/.m2/repository/org/apache/atlas/atlas-client-common/2.1.0/atlas-client-common-2.1.0.jar:/home/hau/.m2/repository/com/sun/jersey/jersey-client/1.19/jersey-client-1.19.jar:/home/hau/.m2/repository/org/apache/atlas/atlas-intg/2.1.0/atlas-intg-2.1.0.jar:/home/hau/.m2/repository/commons-collections/commons-collections/3.2.2/commons-collections-3.2.2.jar:/home/hau/.m2/repository/org/apache/hadoop/hadoop-common/3.1.1/hadoop-common-3.1.1.jar:/home/hau/.m2/repository/org/apache/hadoop/hadoop-annotations/3.1.1/hadoop-annotations-3.1.1.jar:/home/hau/.m2/repository/commons-cli/commons-cli/1.2/commons-cli-1.2.jar:/home/hau/.m2/repository/commons-net/commons-net/3.6/commons-net-3.6.jar:/home/hau/.m2/repository/javax/servlet/javax.servlet-api/3.1.0/javax.servlet-api-3.1.0.jar:/home/hau/.m2/repository/javax/servlet/jsp/jsp-api/2.1/jsp-api-2.1.jar:/home/hau/.m2/repository/com/sun/jersey/jersey-servlet/1.19/jersey-servlet-1.19.jar:/home/hau/.m2/repository/com/sun/jersey/jersey-json/1.19/jersey-json-1.19.jar:/home/hau/.m2/repository/org/codehaus/jettison/jettison/1.1/jettison-1.1.jar:/home/hau/.m2/repository/com/sun/xml/bind/jaxb-impl/2.2.3-1/jaxb-impl-2.2.3-1.jar:/home/hau/.m2/repository/org/codehaus/jackson/jackson-core-asl/1.9.2/jackson-core-asl-1.9.2.jar:/home/hau/.m2/repository/org/codehaus/jackson/jackson-mapper-asl/1.9.2/jackson-mapper-asl-1.9.2.jar:/home/hau/.m2/repository/org/codehaus/jackson/jackson-jaxrs/1.9.2/jackson-jaxrs-1.9.2.jar:/home/hau/.m2/repository/org/codehaus/jackson/jackson-xc/1.9.2/jackson-xc-1.9.2.jar:/home/hau/.m2/repository/com/sun/jersey/jersey-server/1.19/jersey-server-1.19.jar:/home/hau/.m2/repository/commons-beanutils/commons-beanutils/1.9.3/commons-beanutils-1.9.3.jar:/home/hau/.m2/repository/org/apache/commons/commons-configuration2/2.1.1/commons-configuration2-2.1.1.jar:/home/hau/.m2/repository/org/apache/avro/avro/1.7.7/avro-1.7.7.jar:/home/hau/.m2/repository/com/thoughtworks/paranamer/paranamer/2.3/paranamer-2.3.jar:/home/hau/.m2/repository/com/google/re2j/re2j/1.1/re2j-1.1.jar:/home/hau/.m2/repository/com/google/protobuf/protobuf-java/2.5.0/protobuf-java-2.5.0.jar:/home/hau/.m2/repository/org/apache/hadoop/hadoop-auth/3.1.1/hadoop-auth-3.1.1.jar:/home/hau/.m2/repository/com/nimbusds/nimbus-jose-jwt/4.41.1/nimbus-jose-jwt-4.41.1.jar:/home/hau/.m2/repository/com/github/stephenc/jcip/jcip-annotations/1.0-1/jcip-annotations-1.0-1.jar:/home/hau/.m2/repository/com/jcraft/jsch/0.1.54/jsch-0.1.54.jar:/home/hau/.m2/repository/org/apache/curator/curator-recipes/2.12.0/curator-recipes-2.12.0.jar:/home/hau/.m2/repository/org/apache/htrace/htrace-core4/4.1.0-incubating/htrace-core4-4.1.0-incubating.jar:/home/hau/.m2/repository/org/apache/kerby/kerb-simplekdc/1.0.1/kerb-simplekdc-1.0.1.jar:/home/hau/.m2/repository/org/apache/kerby/kerb-client/1.0.1/kerb-client-1.0.1.jar:/home/hau/.m2/repository/org/apache/kerby/kerby-config/1.0.1/kerby-config-1.0.1.jar:/home/hau/.m2/repository/org/apache/kerby/kerb-core/1.0.1/kerb-core-1.0.1.jar:/home/hau/.m2/repository/org/apache/kerby/kerby-pkix/1.0.1/kerby-pkix-1.0.1.jar:/home/hau/.m2/repository/org/apache/kerby/kerby-asn1/1.0.1/kerby-asn1-1.0.1.jar:/home/hau/.m2/repository/org/apache/kerby/kerby-util/1.0.1/kerby-util-1.0.1.jar:/home/hau/.m2/repository/org/apache/kerby/kerb-common/1.0.1/kerb-common-1.0.1.jar:/home/hau/.m2/repository/org/apache/kerby/kerb-crypto/1.0.1/kerb-crypto-1.0.1.jar:/home/hau/.m2/repository/org/apache/kerby/kerb-util/1.0.1/kerb-util-1.0.1.jar:/home/hau/.m2/repository/org/apache/kerby/token-provider/1.0.1/token-provider-1.0.1.jar:/home/hau/.m2/repository/org/apache/kerby/kerb-admin/1.0.1/kerb-admin-1.0.1.jar:/home/hau/.m2/repository/org/apache/kerby/kerb-server/1.0.1/kerb-server-1.0.1.jar:/home/hau/.m2/repository/org/apache/kerby/kerb-identity/1.0.1/kerb-identity-1.0.1.jar:/home/hau/.m2/repository/org/apache/kerby/kerby-xdr/1.0.1/kerby-xdr-1.0.1.jar:/home/hau/.m2/repository/com/fasterxml/jackson/core/jackson-databind/2.7.8/jackson-databind-2.7.8.jar:/home/hau/.m2/repository/org/codehaus/woodstox/stax2-api/3.1.4/stax2-api-3.1.4.jar:/home/hau/.m2/repository/com/fasterxml/woodstox/woodstox-core/5.0.3/woodstox-core-5.0.3.jar:/home/hau/.m2/repository/commons-validator/commons-validator/1.6/commons-validator-1.6.jar:/home/hau/.m2/repository/commons-digester/commons-digester/1.8.1/commons-digester-1.8.1.jar:/home/hau/.m2/repository/com/fasterxml/jackson/jaxrs/jackson-jaxrs-base/2.9.9/jackson-jaxrs-base-2.9.9.jar:/home/hau/.m2/repository/com/fasterxml/jackson/core/jackson-core/2.9.9/jackson-core-2.9.9.jar:/home/hau/.m2/repository/com/fasterxml/jackson/jaxrs/jackson-jaxrs-json-provider/2.9.9/jackson-jaxrs-json-provider-2.9.9.jar:/home/hau/.m2/repository/com/fasterxml/jackson/module/jackson-module-jaxb-annotations/2.9.9/jackson-module-jaxb-annotations-2.9.9.jar:/home/hau/.m2/repository/com/fasterxml/jackson/core/jackson-annotations/2.9.9/jackson-annotations-2.9.9.jar:/home/hau/.m2/repository/javax/inject/javax.inject/1/javax.inject-1.jar:/home/hau/.m2/repository/org/springframework/spring-context/4.3.20.RELEASE/spring-context-4.3.20.RELEASE.jar:/home/hau/.m2/repository/org/springframework/spring-aop/4.3.20.RELEASE/spring-aop-4.3.20.RELEASE.jar:/home/hau/.m2/repository/org/springframework/spring-beans/4.3.20.RELEASE/spring-beans-4.3.20.RELEASE.jar:/home/hau/.m2/repository/org/springframework/spring-core/4.3.20.RELEASE/spring-core-4.3.20.RELEASE.jar:/home/hau/.m2/repository/org/springframework/spring-expression/4.3.20.RELEASE/spring-expression-4.3.20.RELEASE.jar:/home/hau/.m2/repository/commons-configuration/commons-configuration/1.10/commons-configuration-1.10.jar:/home/hau/.m2/repository/commons-lang/commons-lang/2.6/commons-lang-2.6.jar:/home/hau/.m2/repository/org/apache/commons/commons-dbcp2/2.7.0/commons-dbcp2-2.7.0.jar:/home/hau/.m2/repository/org/apache/commons/commons-math3/3.6.1/commons-math3-3.6.1.jar:/home/hau/.m2/repository/org/apache/commons/commons-pool2/2.11.1/commons-pool2-2.11.1.jar:/home/hau/.m2/repository/org/apache/hive/hive-vector-code-gen/4.0.0-alpha-2/hive-vector-code-gen-4.0.0-alpha-2.jar:/home/hau/.m2/repository/org/apache/hive/hive-llap-tez/4.0.0-alpha-2/hive-llap-tez-4.0.0-alpha-2.jar:/home/hau/.m2/repository/org/apache/hive/hive-common/4.0.0-alpha-2/hive-common-4.0.0-alpha-2.jar:/home/hau/.m2/repository/org/apache/hive/hive-classification/4.0.0-alpha-2/hive-classification-4.0.0-alpha-2.jar:/home/hau/.m2/repository/org/apache/hive/hive-storage-api/4.0.0-alpha-2/hive-storage-api-4.0.0-alpha-2.jar:/home/hau/.m2/repository/org/apache/hive/hive-standalone-metastore-common/4.0.0-alpha-2/hive-standalone-metastore-common-4.0.0-alpha-2.jar:/home/hau/.m2/repository/com/zaxxer/HikariCP/2.6.1/HikariCP-2.6.1.jar:/home/hau/.m2/repository/org/apache/derby/derby/10.14.2.0/derby-10.14.2.0.jar:/home/hau/.m2/repository/org/apache/thrift/libfb303/0.9.3/libfb303-0.9.3.jar:/home/hau/.m2/repository/com/github/ben-manes/caffeine/caffeine/2.8.4/caffeine-2.8.4.jar:/home/hau/.m2/repository/org/apache/orc/orc-core/1.6.9/orc-core-1.6.9.jar:/home/hau/.m2/repository/org/apache/orc/orc-shims/1.6.9/orc-shims-1.6.9.jar:/home/hau/.m2/repository/io/airlift/aircompressor/0.19/aircompressor-0.19.jar:/home/hau/.m2/repository/javax/xml/bind/jaxb-api/2.2.11/jaxb-api-2.2.11.jar:/home/hau/.m2/repository/org/jetbrains/annotations/17.0.0/annotations-17.0.0.jar:/home/hau/.m2/repository/org/threeten/threeten-extra/1.5.0/threeten-extra-1.5.0.jar:/home/hau/.m2/repository/jline/jline/2.14.6/jline-2.14.6.jar:/home/hau/.m2/repository/org/eclipse/jetty/jetty-http/9.4.40.v20210413/jetty-http-9.4.40.v20210413.jar:/home/hau/.m2/repository/org/eclipse/jetty/jetty-util/9.4.40.v20210413/jetty-util-9.4.40.v20210413.jar:/home/hau/.m2/repository/org/eclipse/jetty/jetty-io/9.4.40.v20210413/jetty-io-9.4.40.v20210413.jar:/home/hau/.m2/repository/org/eclipse/jetty/jetty-rewrite/9.4.40.v20210413/jetty-rewrite-9.4.40.v20210413.jar:/home/hau/.m2/repository/org/eclipse/jetty/jetty-server/9.4.40.v20210413/jetty-server-9.4.40.v20210413.jar:/home/hau/.m2/repository/org/eclipse/jetty/jetty-servlet/9.4.40.v20210413/jetty-servlet-9.4.40.v20210413.jar:/home/hau/.m2/repository/org/eclipse/jetty/jetty-security/9.4.40.v20210413/jetty-security-9.4.40.v20210413.jar:/home/hau/.m2/repository/org/eclipse/jetty/jetty-util-ajax/9.4.40.v20210413/jetty-util-ajax-9.4.40.v20210413.jar:/home/hau/.m2/repository/org/eclipse/jetty/jetty-webapp/9.4.40.v20210413/jetty-webapp-9.4.40.v20210413.jar:/home/hau/.m2/repository/org/eclipse/jetty/jetty-xml/9.4.40.v20210413/jetty-xml-9.4.40.v20210413.jar:/home/hau/.m2/repository/joda-time/joda-time/2.9.9/joda-time-2.9.9.jar:/home/hau/.m2/repository/org/apache/logging/log4j/log4j-web/2.18.0/log4j-web-2.18.0.jar:/home/hau/.m2/repository/net/sf/jpam/jpam/1.1/jpam-1.1.jar:/home/hau/.m2/repository/org/apache/tez/tez-api/0.10.2/tez-api-0.10.2.jar:/home/hau/.m2/repository/org/apache/hadoop/hadoop-yarn-api/3.3.1/hadoop-yarn-api-3.3.1.jar:/home/hau/.m2/repository/org/apache/hadoop/thirdparty/hadoop-shaded-protobuf_3_7/1.1.1/hadoop-shaded-protobuf_3_7-1.1.1.jar:/home/hau/.m2/repository/org/apache/hadoop/hadoop-yarn-common/3.3.1/hadoop-yarn-common-3.3.1.jar:/home/hau/.m2/repository/org/apache/hadoop/hadoop-yarn-client/3.3.1/hadoop-yarn-client-3.3.1.jar:/home/hau/.m2/repository/org/eclipse/jetty/websocket/websocket-client/9.4.40.v20210413/websocket-client-9.4.40.v20210413.jar:/home/hau/.m2/repository/org/eclipse/jetty/jetty-client/9.4.40.v20210413/jetty-client-9.4.40.v20210413.jar:/home/hau/.m2/repository/org/eclipse/jetty/websocket/websocket-common/9.4.40.v20210413/websocket-common-9.4.40.v20210413.jar:/home/hau/.m2/repository/org/eclipse/jetty/websocket/websocket-api/9.4.40.v20210413/websocket-api-9.4.40.v20210413.jar:/home/hau/.m2/repository/org/jline/jline/3.9.0/jline-3.9.0.jar:/home/hau/.m2/repository/org/apache/hadoop/hadoop-hdfs-client/3.3.1/hadoop-hdfs-client-3.3.1.jar:/home/hau/.m2/repository/com/squareup/okhttp/okhttp/2.7.5/okhttp-2.7.5.jar:/home/hau/.m2/repository/com/squareup/okio/okio/1.6.0/okio-1.6.0.jar:/home/hau/.m2/repository/org/fusesource/jansi/jansi/2.3.4/jansi-2.3.4.jar:/home/hau/.m2/repository/com/tdunning/json/1.8/json-1.8.jar:/home/hau/.m2/repository/io/dropwizard/metrics/metrics-core/3.1.0/metrics-core-3.1.0.jar:/home/hau/.m2/repository/io/dropwizard/metrics/metrics-jvm/3.1.0/metrics-jvm-3.1.0.jar:/home/hau/.m2/repository/io/dropwizard/metrics/metrics-json/3.1.0/metrics-json-3.1.0.jar:/home/hau/.m2/repository/com/github/joshelser/dropwizard-metrics-hadoop-metrics2-reporter/0.1.2/dropwizard-metrics-hadoop-metrics2-reporter-0.1.2.jar:/home/hau/.m2/repository/javolution/javolution/5.5.1/javolution-5.5.1.jar:/home/hau/.m2/repository/org/apache/hive/hive-llap-client/4.0.0-alpha-2/hive-llap-client-4.0.0-alpha-2.jar:/home/hau/.m2/repository/org/apache/hive/hive-serde/4.0.0-alpha-2/hive-serde-4.0.0-alpha-2.jar:/home/hau/.m2/repository/org/apache/hive/hive-service-rpc/4.0.0-alpha-2/hive-service-rpc-4.0.0-alpha-2.jar:/home/hau/.m2/repository/org/apache/arrow/arrow-vector/2.0.0/arrow-vector-2.0.0.jar:/home/hau/.m2/repository/org/apache/arrow/arrow-format/2.0.0/arrow-format-2.0.0.jar:/home/hau/.m2/repository/com/carrotsearch/hppc/0.7.2/hppc-0.7.2.jar:/home/hau/.m2/repository/com/google/flatbuffers/flatbuffers-java/1.9.0/flatbuffers-java-1.9.0.jar:/home/hau/.m2/repository/net/sf/opencsv/opencsv/2.3/opencsv-2.3.jar:/home/hau/.m2/repository/org/apache/parquet/parquet-hadoop-bundle/1.11.1/parquet-hadoop-bundle-1.11.1.jar:/home/hau/.m2/repository/com/esri/geometry/esri-geometry-api/2.2.4/esri-geometry-api-2.2.4.jar:/home/hau/.m2/repository/org/apache/hive/hive-llap-common/4.0.0-alpha-2/hive-llap-common-4.0.0-alpha-2.jar:/home/hau/.m2/repository/io/jsonwebtoken/jjwt-api/0.10.5/jjwt-api-0.10.5.jar:/home/hau/.m2/repository/io/jsonwebtoken/jjwt-impl/0.10.5/jjwt-impl-0.10.5.jar:/home/hau/.m2/repository/io/jsonwebtoken/jjwt-jackson/0.10.5/jjwt-jackson-0.10.5.jar:/home/hau/.m2/repository/org/apache/commons/commons-lang3/3.9/commons-lang3-3.9.jar:/home/hau/.m2/repository/org/apache/hive/hive-shims/4.0.0-alpha-2/hive-shims-4.0.0-alpha-2.jar:/home/hau/.m2/repository/org/apache/hive/shims/hive-shims-common/4.0.0-alpha-2/hive-shims-common-4.0.0-alpha-2.jar:/home/hau/.m2/repository/org/apache/thrift/libthrift/0.16.0/libthrift-0.16.0.jar:/home/hau/.m2/repository/javax/annotation/javax.annotation-api/1.3.2/javax.annotation-api-1.3.2.jar:/home/hau/.m2/repository/org/apache/hive/shims/hive-shims-0.23/4.0.0-alpha-2/hive-shims-0.23-4.0.0-alpha-2.jar:/home/hau/.m2/repository/org/apache/hadoop/hadoop-yarn-server-resourcemanager/3.3.1/hadoop-yarn-server-resourcemanager-3.3.1.jar:/home/hau/.m2/repository/com/google/inject/extensions/guice-servlet/4.0/guice-servlet-4.0.jar:/home/hau/.m2/repository/com/google/inject/guice/4.0/guice-4.0.jar:/home/hau/.m2/repository/aopalliance/aopalliance/1.0/aopalliance-1.0.jar:/home/hau/.m2/repository/com/sun/jersey/contribs/jersey-guice/1.19/jersey-guice-1.19.jar:/home/hau/.m2/repository/org/apache/hadoop/hadoop-yarn-server-common/3.3.1/hadoop-yarn-server-common-3.3.1.jar:/home/hau/.m2/repository/org/apache/geronimo/specs/geronimo-jcache_1.0_spec/1.0-alpha-1/geronimo-jcache_1.0_spec-1.0-alpha-1.jar:/home/hau/.m2/repository/org/ehcache/ehcache/3.3.1/ehcache-3.3.1.jar:/home/hau/.m2/repository/com/zaxxer/HikariCP-java7/2.4.12/HikariCP-java7-2.4.12.jar:/home/hau/.m2/repository/com/microsoft/sqlserver/mssql-jdbc/6.2.1.jre7/mssql-jdbc-6.2.1.jre7.jar:/home/hau/.m2/repository/org/apache/hadoop/hadoop-yarn-server-applicationhistoryservice/3.3.1/hadoop-yarn-server-applicationhistoryservice-3.3.1.jar:/home/hau/.m2/repository/de/ruedigermoeller/fst/2.50/fst-2.50.jar:/home/hau/.m2/repository/org/objenesis/objenesis/2.5.1/objenesis-2.5.1.jar:/home/hau/.m2/repository/com/cedarsoftware/java-util/1.9.0/java-util-1.9.0.jar:/home/hau/.m2/repository/com/cedarsoftware/json-io/2.5.1/json-io-2.5.1.jar:/home/hau/.m2/repository/org/apache/hadoop/hadoop-yarn-server-web-proxy/3.3.1/hadoop-yarn-server-web-proxy-3.3.1.jar:/home/hau/.m2/repository/org/bouncycastle/bcprov-jdk15on/1.60/bcprov-jdk15on-1.60.jar:/home/hau/.m2/repository/org/bouncycastle/bcpkix-jdk15on/1.60/bcpkix-jdk15on-1.60.jar:/home/hau/.m2/repository/org/fusesource/leveldbjni/leveldbjni-all/1.8/leveldbjni-all-1.8.jar:/home/hau/.m2/repository/org/apache/hive/shims/hive-shims-scheduler/4.0.0-alpha-2/hive-shims-scheduler-4.0.0-alpha-2.jar:/home/hau/.m2/repository/com/amazonaws/secretsmanager/aws-secretsmanager-caching-java/1.0.1/aws-secretsmanager-caching-java-1.0.1.jar:/home/hau/.m2/repository/commons-codec/commons-codec/1.15/commons-codec-1.15.jar:/home/hau/.m2/repository/commons-io/commons-io/2.11.0/commons-io-2.11.0.jar:/home/hau/.m2/repository/org/apache/commons/commons-collections4/4.1/commons-collections4-4.1.jar:/home/hau/.m2/repository/org/apache/commons/commons-text/1.8/commons-text-1.8.jar:/home/hau/.m2/repository/org/apache/logging/log4j/log4j-1.2-api/2.18.0/log4j-1.2-api-2.18.0.jar:/home/hau/.m2/repository/org/apache/logging/log4j/log4j-api/2.18.0/log4j-api-2.18.0.jar:/home/hau/.m2/repository/org/apache/logging/log4j/log4j-core/2.18.0/log4j-core-2.18.0.jar:/home/hau/.m2/repository/org/apache/logging/log4j/log4j-slf4j-impl/2.18.0/log4j-slf4j-impl-2.18.0.jar:/home/hau/.m2/repository/org/antlr/ST4/4.0.4/ST4-4.0.4.jar:/home/hau/.m2/repository/org/antlr/antlr-runtime/3.3/antlr-runtime-3.3.jar:/home/hau/.m2/repository/org/antlr/stringtemplate/3.2.1/stringtemplate-3.2.1.jar:/home/hau/.m2/repository/antlr/antlr/2.7.7/antlr-2.7.7.jar:/home/hau/.m2/repository/org/apache/ant/ant/1.10.12/ant-1.10.12.jar:/home/hau/.m2/repository/org/apache/ant/ant-launcher/1.10.12/ant-launcher-1.10.12.jar:/home/hau/.m2/repository/org/apache/commons/commons-compress/1.21/commons-compress-1.21.jar:/home/hau/.m2/repository/org/apache/hadoop/hadoop-yarn-registry/3.3.1/hadoop-yarn-registry-3.3.1.jar:/home/hau/.m2/repository/org/apache/hadoop/hadoop-registry/3.3.1/hadoop-registry-3.3.1.jar:/home/hau/.m2/repository/commons-daemon/commons-daemon/1.0.13/commons-daemon-1.0.13.jar:/home/hau/.m2/repository/org/apache/hadoop/thirdparty/hadoop-shaded-guava/1.1.1/hadoop-shaded-guava-1.1.1.jar:/home/hau/.m2/repository/dnsjava/dnsjava/2.1.7/dnsjava-2.1.7.jar:/home/hau/.m2/repository/org/apache/ivy/ivy/2.4.0/ivy-2.4.0.jar:/home/hau/.m2/repository/org/apache/zookeeper/zookeeper/3.5.5/zookeeper-3.5.5.jar:/home/hau/.m2/repository/org/apache/zookeeper/zookeeper-jute/3.5.5/zookeeper-jute-3.5.5.jar:/home/hau/.m2/repository/org/apache/yetus/audience-annotations/0.5.0/audience-annotations-0.5.0.jar:/home/hau/.m2/repository/log4j/log4j/1.2.17/log4j-1.2.17.jar:/home/hau/.m2/repository/org/apache/curator/curator-framework/4.2.0/curator-framework-4.2.0.jar:/home/hau/.m2/repository/org/apache/curator/curator-client/4.2.0/curator-client-4.2.0.jar:/home/hau/.m2/repository/org/codehaus/groovy/groovy-all/2.4.21/groovy-all-2.4.21.jar:/home/hau/.m2/repository/org/datanucleus/datanucleus-core/5.2.10/datanucleus-core-5.2.10.jar:/home/hau/.m2/repository/com/google/code/gson/gson/2.9.0/gson-2.9.0.jar:/home/hau/.m2/repository/stax/stax-api/1.0.1/stax-api-1.0.1.jar:/home/hau/.m2/repository/org/apache/arrow/arrow-memory-netty/2.0.0/arrow-memory-netty-2.0.0.jar:/home/hau/.m2/repository/org/apache/arrow/arrow-memory-core/2.0.0/arrow-memory-core-2.0.0.jar:/home/hau/.m2/repository/org/reflections/reflections/0.10.2/reflections-0.10.2.jar:/home/hau/.m2/repository/org/javassist/javassist/3.28.0-GA/javassist-3.28.0-GA.jar:/home/hau/.m2/repository/com/google/code/findbugs/jsr305/3.0.2/jsr305-3.0.2.jar:/home/hau/.m2/repository/com/jayway/jsonpath/json-path/2.7.0/json-path-2.7.0.jar:/home/hau/.m2/repository/net/minidev/json-smart/2.4.7/json-smart-2.4.7.jar:/home/hau/.m2/repository/net/minidev/accessors-smart/2.4.7/accessors-smart-2.4.7.jar:/home/hau/.m2/repository/org/ow2/asm/asm/9.1/asm-9.1.jar:/home/hau/.m2/repository/org/codehaus/janino/commons-compiler/3.0.11/commons-compiler-3.0.11.jar:/home/hau/.m2/repository/org/codehaus/janino/janino/3.0.11/janino-3.0.11.jar:/home/hau/.m2/repository/com/sun/jersey/contribs/jersey-multipart/1.19/jersey-multipart-1.19.jar:/home/hau/.m2/repository/org/jvnet/mimepull/mimepull/1.9.3/mimepull-1.9.3.jar:/home/hau/.m2/repository/com/sun/jersey/jersey-core/1.19/jersey-core-1.19.jar:/home/hau/.m2/repository/javax/ws/rs/jsr311-api/1.1.1/jsr311-api-1.1.1.jar:/home/hau/.m2/repository/org/apache/kafka/kafka-clients/2.5.0/kafka-clients-2.5.0.jar:/home/hau/.m2/repository/com/github/luben/zstd-jni/1.4.4-7/zstd-jni-1.4.4-7.jar:/home/hau/.m2/repository/org/lz4/lz4-java/1.7.1/lz4-java-1.7.1.jar:/home/hau/.m2/repository/org/xerial/snappy/snappy-java/1.1.7.3/snappy-java-1.1.7.3.jar:/home/hau/.m2/repository/org/slf4j/slf4j-api/1.7.30/slf4j-api-1.7.30.jar:/home/hau/.m2/repository/org/apache/httpcomponents/httpclient/4.5.14/httpclient-4.5.14.jar:/home/hau/.m2/repository/org/apache/httpcomponents/httpcore/4.4.16/httpcore-4.4.16.jar:/home/hau/.m2/repository/commons-logging/commons-logging/1.2/commons-logging-1.2.jar:/home/hau/.m2/repository/org/apache/httpcomponents/httpmime/4.5.9/httpmime-4.5.9.jar:"/>
    <property name="sun.cpu.endian" value="little"/>
    <property name="user.home" value="/home/hau"/>
    <property name="user.language" value="en"/>
    <property name="java.specification.vendor" value="Oracle Corporation"/>
    <property name="java.version.date" value="2023-04-18"/>
    <property name="java.home" value="/usr/lib/jvm/java-17-openjdk-amd64"/>
    <property name="file.separator" value="/"/>
    <property name="basedir" value="/home/hau/Hadoop-ecosystem/udf-hive"/>
    <property name="java.vm.compressedOopsMode" value="32-bit"/>
    <property name="line.separator" value="&#10;"/>
    <property name="java.vm.specification.vendor" value="Oracle Corporation"/>
    <property name="java.specification.name" value="Java Platform API Specification"/>
    <property name="surefire.real.class.path" value="/home/hau/Hadoop-ecosystem/udf-hive/target/surefire/surefirebooter15003599643869619845.jar"/>
    <property name="sun.management.compiler" value="HotSpot 64-Bit Tiered Compilers"/>
    <property name="java.runtime.version" value="17.0.7+7-Ubuntu-0ubuntu122.04.2"/>
    <property name="user.name" value="hau"/>
    <property name="path.separator" value=":"/>
    <property name="os.version" value="5.15.90.1-microsoft-standard-WSL2"/>
    <property name="java.runtime.name" value="OpenJDK Runtime Environment"/>
    <property name="file.encoding" value="UTF-8"/>
    <property name="java.vm.name" value="OpenJDK 64-Bit Server VM"/>
    <property name="localRepository" value="/home/hau/.m2/repository"/>
    <property name="java.vendor.url.bug" value="Unknown"/>
    <property name="java.io.tmpdir" value="/tmp"/>
    <property name="java.version" value="17.0.7"/>
    <property name="user.dir" value="/home/hau/Hadoop-ecosystem/udf-hive"/>
    <property name="os.arch" value="amd64"/>
    <property name="java.vm.specification.name" value="Java Virtual Machine Specification"/>
    <property name="native.encoding" value="UTF-8"/>
    <property name="java.library.path" value="/usr/java/packages/lib:/usr/lib/x86_64-linux-gnu/jni:/lib/x86_64-linux-gnu:/usr/lib/x86_64-linux-gnu:/usr/lib/jni:/lib:/usr/lib"/>
    <property name="java.vm.info" value="mixed mode, sharing"/>
    <property name="java.vendor" value="Private Build"/>
    <property name="java.vm.version" value="17.0.7+7-Ubuntu-0ubuntu122.04.2"/>
    <property name="sun.io.unicode.encoding" value="UnicodeLittle"/>
    <property name="java.class.version" value="61.0"/>
  </properties>
  <testcase name="shouldAnswerWithTrue" classname="com.example.AppTest" time="0.006"/>
</testsuite>